<?xml version="1.0" encoding="UTF-8"?>
<!-- Generated by org.testng.reporters.JUnitXMLReporter -->
<testsuite ignored="0" hostname="DESKTOP-UVOFFJA" failures="0" tests="5" name="Surefire test" time="7.395" errors="0" timestamp="2024-07-05T18:32:30 ART">
  <testcase classname="api.test.Tests" name="postTest" time="2.811"/>
  <testcase classname="api.test.Tests" name="getTest" time="0.997"/>
  <testcase classname="api.test.Tests" name="updateTest" time="0.883"/>
  <testcase classname="api.test.Tests" name="getTest2" time="0.887"/>
  <testcase classname="api.test.Tests" name="deleteTest" time="0.85"/>
</testsuite> <!-- Surefire test -->
