<?xml version="1.0" encoding="UTF-8"?>
<!-- Generated by org.testng.reporters.JUnitXMLReporter -->
<testsuite ignored="0" hostname="DESKTOP-UVOFFJA" failures="0" tests="5" name="Default test" time="7.332" errors="0" timestamp="2024-07-03T21:33:37 ART">
  <testcase classname="api.test.Tests" name="postTest" time="2.742"/>
  <testcase classname="api.test.Tests" name="getTest" time="0.986"/>
  <testcase classname="api.test.Tests" name="updateTest" time="0.898"/>
  <testcase classname="api.test.Tests" name="getTest2" time="0.918"/>
  <testcase classname="api.test.Tests" name="deleteTest" time="0.94"/>
</testsuite> <!-- Default test -->
