<?xml version="1.0" encoding="UTF-8"?>
<testng-results ignored="0" total="5" passed="5" failed="0" skipped="0">
  <reporter-output>
  </reporter-output>
  <suite started-at="2024-07-05T18:32:22 ART" name="Surefire suite" finished-at="2024-07-05T18:32:30 ART" duration-ms="7395">
    <groups>
    </groups>
    <test started-at="2024-07-05T18:32:22 ART" name="Surefire test" finished-at="2024-07-05T18:32:30 ART" duration-ms="7395">
      <class name="api.test.Tests">
        <test-method is-config="true" signature="createData()[pri:0, instance:api.test.Tests@49c386c8]" started-at="2024-07-05T18:32:22 ART" name="createData" finished-at="2024-07-05T18:32:23 ART" duration-ms="924" status="PASS">
          <reporter-output>
          </reporter-output>
        </test-method> <!-- createData -->
        <test-method signature="postTest()[pri:1, instance:api.test.Tests@49c386c8]" started-at="2024-07-05T18:32:23 ART" name="postTest" finished-at="2024-07-05T18:32:26 ART" duration-ms="2811" status="PASS">
          <reporter-output>
          </reporter-output>
        </test-method> <!-- postTest -->
        <test-method signature="getTest()[pri:2, instance:api.test.Tests@49c386c8]" started-at="2024-07-05T18:32:26 ART" name="getTest" finished-at="2024-07-05T18:32:27 ART" duration-ms="997" status="PASS">
          <reporter-output>
          </reporter-output>
        </test-method> <!-- getTest -->
        <test-method signature="updateTest()[pri:3, instance:api.test.Tests@49c386c8]" started-at="2024-07-05T18:32:27 ART" name="updateTest" finished-at="2024-07-05T18:32:28 ART" duration-ms="883" status="PASS">
          <reporter-output>
          </reporter-output>
        </test-method> <!-- updateTest -->
        <test-method signature="getTest2()[pri:4, instance:api.test.Tests@49c386c8]" started-at="2024-07-05T18:32:28 ART" name="getTest2" finished-at="2024-07-05T18:32:29 ART" duration-ms="887" status="PASS">
          <reporter-output>
          </reporter-output>
        </test-method> <!-- getTest2 -->
        <test-method signature="deleteTest()[pri:5, instance:api.test.Tests@49c386c8]" started-at="2024-07-05T18:32:29 ART" name="deleteTest" finished-at="2024-07-05T18:32:30 ART" duration-ms="850" status="PASS">
          <reporter-output>
          </reporter-output>
        </test-method> <!-- deleteTest -->
      </class> <!-- api.test.Tests -->
    </test> <!-- Surefire test -->
  </suite> <!-- Surefire suite -->
</testng-results>
