<?xml version="1.0" encoding="UTF-8"?>
<testng-results ignored="0" total="5" passed="5" failed="0" skipped="0">
  <reporter-output>
  </reporter-output>
  <suite started-at="2024-07-03T21:33:30 ART" name="Default suite" finished-at="2024-07-03T21:33:37 ART" duration-ms="7332">
    <groups>
    </groups>
    <test started-at="2024-07-03T21:33:30 ART" name="Default test" finished-at="2024-07-03T21:33:37 ART" duration-ms="7332">
      <class name="api.test.Tests">
        <test-method is-config="true" signature="createData()[pri:0, instance:api.test.Tests@41d477ed]" started-at="2024-07-03T21:33:30 ART" name="createData" finished-at="2024-07-03T21:33:30 ART" duration-ms="785" status="PASS">
          <reporter-output>
          </reporter-output>
        </test-method> <!-- createData -->
        <test-method signature="postTest()[pri:1, instance:api.test.Tests@41d477ed]" started-at="2024-07-03T21:33:30 ART" name="postTest" finished-at="2024-07-03T21:33:33 ART" duration-ms="2742" status="PASS">
          <reporter-output>
          </reporter-output>
        </test-method> <!-- postTest -->
        <test-method signature="getTest()[pri:2, instance:api.test.Tests@41d477ed]" started-at="2024-07-03T21:33:33 ART" name="getTest" finished-at="2024-07-03T21:33:34 ART" duration-ms="986" status="PASS">
          <reporter-output>
          </reporter-output>
        </test-method> <!-- getTest -->
        <test-method signature="updateTest()[pri:3, instance:api.test.Tests@41d477ed]" started-at="2024-07-03T21:33:34 ART" name="updateTest" finished-at="2024-07-03T21:33:35 ART" duration-ms="898" status="PASS">
          <reporter-output>
          </reporter-output>
        </test-method> <!-- updateTest -->
        <test-method signature="getTest2()[pri:4, instance:api.test.Tests@41d477ed]" started-at="2024-07-03T21:33:35 ART" name="getTest2" finished-at="2024-07-03T21:33:36 ART" duration-ms="918" status="PASS">
          <reporter-output>
          </reporter-output>
        </test-method> <!-- getTest2 -->
        <test-method signature="deleteTest()[pri:5, instance:api.test.Tests@41d477ed]" started-at="2024-07-03T21:33:36 ART" name="deleteTest" finished-at="2024-07-03T21:33:37 ART" duration-ms="940" status="PASS">
          <reporter-output>
          </reporter-output>
        </test-method> <!-- deleteTest -->
      </class> <!-- api.test.Tests -->
    </test> <!-- Default test -->
  </suite> <!-- Default suite -->
</testng-results>
