<?xml version="1.0" encoding="UTF-8"?>
<!-- Generated by org.testng.reporters.JUnitXMLReporter -->
<testsuite ignored="0" hostname="DESKTOP-UVOFFJA" failures="0" tests="5" name="PetstoreTest" time="7.844" errors="0" timestamp="2024-07-03T19:53:51 ART">
  <testcase classname="api.test.Tests" name="postTest" time="2.873"/>
  <testcase classname="api.test.Tests" name="getTest" time="1.0"/>
  <testcase classname="api.test.Tests" name="updateTest" time="0.919"/>
  <testcase classname="api.test.Tests" name="getTest2" time="0.859"/>
  <testcase classname="api.test.Tests" name="deleteTest" time="0.896"/>
</testsuite> <!-- PetstoreTest -->
